INFO: [VRFC 10-163] Analyzing VHDL file "/home/gabor7669/Desktop/DoDS1/Design_of_Digital_Systems1_RSA/FM_Mod_Mult/FM_Mod_Mult.srcs/sources_1/imports/Design_of_Digital_Systems1_RSA/carry_lookahead_sub/carry_lookahead_adder.srcs/sources_1/new/4bit_CLA.vhd" into library xil_defaultlib
INFO: [VRFC 10-307] analyzing entity four_bit_CLA
INFO: [VRFC 10-163] Analyzing VHDL file "/home/gabor7669/Desktop/DoDS1/Design_of_Digital_Systems1_RSA/FM_Mod_Mult/FM_Mod_Mult.srcs/sources_1/imports/Design_of_Digital_Systems1_RSA/CLA_258/CLA_258.srcs/sources_1/new/CLA_258.vhd" into library xil_defaultlib
INFO: [VRFC 10-307] analyzing entity CLA_258
INFO: [VRFC 10-163] Analyzing VHDL file "/home/gabor7669/Desktop/DoDS1/Design_of_Digital_Systems1_RSA/FM_Mod_Mult/FM_Mod_Mult.srcs/sources_1/imports/Design_of_Digital_Systems1_RSA/CLA_258/CLA_258.srcs/sources_1/new/CLA_258_top.vhd" into library xil_defaultlib
INFO: [VRFC 10-307] analyzing entity CLA
INFO: [VRFC 10-163] Analyzing VHDL file "/home/gabor7669/Desktop/DoDS1/Design_of_Digital_Systems1_RSA/FM_Mod_Mult/FM_Mod_Mult.srcs/sources_1/imports/new/CLS.vhd" into library xil_defaultlib
INFO: [VRFC 10-307] analyzing entity CLS
INFO: [VRFC 10-163] Analyzing VHDL file "/home/gabor7669/Desktop/DoDS1/Design_of_Digital_Systems1_RSA/FM_Mod_Mult/FM_Mod_Mult.srcs/sources_1/imports/Design_of_Digital_Systems1_RSA/carry_save_adder/carry_save_adder.srcs/sources_1/new/CSA.vhd" into library xil_defaultlib
INFO: [VRFC 10-307] analyzing entity CSA
INFO: [VRFC 10-163] Analyzing VHDL file "/home/gabor7669/Desktop/DoDS1/Design_of_Digital_Systems1_RSA/FM_Mod_Mult/FM_Mod_Mult.srcs/sources_1/new/FM_Mod_Mult.vhd" into library xil_defaultlib
INFO: [VRFC 10-307] analyzing entity FM_Mod_Mult
INFO: [VRFC 10-163] Analyzing VHDL file "/home/gabor7669/Desktop/DoDS1/Design_of_Digital_Systems1_RSA/FM_Mod_Mult/FM_Mod_Mult.srcs/sources_1/imports/Design_of_Digital_Systems1_RSA/LUT/LUT.srcs/sources_1/new/LUT.vhd" into library xil_defaultlib
INFO: [VRFC 10-307] analyzing entity LUT
INFO: [VRFC 10-163] Analyzing VHDL file "/home/gabor7669/Desktop/DoDS1/Design_of_Digital_Systems1_RSA/FM_Mod_Mult/FM_Mod_Mult.srcs/sources_1/imports/Design_of_Digital_Systems1_RSA/mod_mult_loop_cont/mod_mult_loop_cont.srcs/sources_1/new/mod_mult.vhd" into library xil_defaultlib
INFO: [VRFC 10-307] analyzing entity mod_mult
INFO: [VRFC 10-163] Analyzing VHDL file "/home/gabor7669/Desktop/DoDS1/Design_of_Digital_Systems1_RSA/FM_Mod_Mult/FM_Mod_Mult.srcs/sources_1/imports/Design_of_Digital_Systems1_RSA/r_shift_reg/r_shift_reg.srcs/sources_1/new/r_shift_reg.vhd" into library xil_defaultlib
INFO: [VRFC 10-307] analyzing entity r_shift_reg
INFO: [VRFC 10-163] Analyzing VHDL file "/home/gabor7669/Desktop/DoDS1/Design_of_Digital_Systems1_RSA/FM_Mod_Mult/FM_Mod_Mult.srcs/sim_1/new/test.vhd" into library xil_defaultlib
INFO: [VRFC 10-307] analyzing entity FM_Mod_Mult_tb
INFO: [VRFC 10-163] Analyzing VHDL file "/home/gabor7669/Desktop/DoDS1/Design_of_Digital_Systems1_RSA/FM_Mod_Mult/FM_Mod_Mult.srcs/sim_1/new/test.vhd" into library xil_defaultlib
INFO: [VRFC 10-307] analyzing entity FM_Mod_Mult_tb
INFO: [VRFC 10-163] Analyzing VHDL file "/home/gabor7669/Desktop/DoDS1/Design_of_Digital_Systems1_RSA/FM_Mod_Mult/FM_Mod_Mult.srcs/sources_1/new/FM_Mod_Mult.vhd" into library xil_defaultlib
INFO: [VRFC 10-307] analyzing entity FM_Mod_Mult
INFO: [VRFC 10-163] Analyzing VHDL file "/home/gabor7669/Desktop/DoDS1/Design_of_Digital_Systems1_RSA/FM_Mod_Mult/FM_Mod_Mult.srcs/sim_1/new/test.vhd" into library xil_defaultlib
INFO: [VRFC 10-307] analyzing entity FM_Mod_Mult_tb
INFO: [VRFC 10-163] Analyzing VHDL file "/home/gabor7669/Desktop/DoDS1/Design_of_Digital_Systems1_RSA/FM_Mod_Mult/FM_Mod_Mult.srcs/sources_1/imports/Design_of_Digital_Systems1_RSA/mod_mult_loop_cont/mod_mult_loop_cont.srcs/sources_1/new/mod_mult.vhd" into library xil_defaultlib
INFO: [VRFC 10-307] analyzing entity mod_mult
INFO: [VRFC 10-163] Analyzing VHDL file "/home/gabor7669/Desktop/DoDS1/Design_of_Digital_Systems1_RSA/FM_Mod_Mult/FM_Mod_Mult.srcs/sources_1/imports/Design_of_Digital_Systems1_RSA/CLA_258/CLA_258.srcs/sources_1/new/CLA_258_top.vhd" into library xil_defaultlib
INFO: [VRFC 10-307] analyzing entity CLA
INFO: [VRFC 10-163] Analyzing VHDL file "/home/gabor7669/Desktop/DoDS1/Design_of_Digital_Systems1_RSA/FM_Mod_Mult/FM_Mod_Mult.srcs/sources_1/imports/new/CLS.vhd" into library xil_defaultlib
INFO: [VRFC 10-307] analyzing entity CLS
INFO: [VRFC 10-163] Analyzing VHDL file "/home/gabor7669/Desktop/DoDS1/Design_of_Digital_Systems1_RSA/FM_Mod_Mult/FM_Mod_Mult.srcs/sources_1/imports/Design_of_Digital_Systems1_RSA/carry_save_adder/carry_save_adder.srcs/sources_1/new/CSA.vhd" into library xil_defaultlib
INFO: [VRFC 10-307] analyzing entity CSA
INFO: [VRFC 10-163] Analyzing VHDL file "/home/gabor7669/Desktop/DoDS1/Design_of_Digital_Systems1_RSA/FM_Mod_Mult/FM_Mod_Mult.srcs/sources_1/imports/Design_of_Digital_Systems1_RSA/LUT/LUT.srcs/sources_1/new/LUT.vhd" into library xil_defaultlib
INFO: [VRFC 10-307] analyzing entity LUT
INFO: [VRFC 10-163] Analyzing VHDL file "/home/gabor7669/Desktop/DoDS1/Design_of_Digital_Systems1_RSA/FM_Mod_Mult/FM_Mod_Mult.srcs/sources_1/imports/Design_of_Digital_Systems1_RSA/mod_mult_loop_cont/mod_mult_loop_cont.srcs/sources_1/new/mod_mult.vhd" into library xil_defaultlib
INFO: [VRFC 10-307] analyzing entity mod_mult
INFO: [VRFC 10-163] Analyzing VHDL file "/home/gabor7669/Desktop/DoDS1/Design_of_Digital_Systems1_RSA/FM_Mod_Mult/FM_Mod_Mult.srcs/sources_1/imports/Design_of_Digital_Systems1_RSA/r_shift_reg/r_shift_reg.srcs/sources_1/new/r_shift_reg.vhd" into library xil_defaultlib
INFO: [VRFC 10-307] analyzing entity r_shift_reg
