Vivado Simulator 2018.2
Copyright 1986-1999, 2001-2018 Xilinx, Inc. All Rights Reserved.
Running: /opt/Xilinx/Vivado/2018.2/bin/unwrapped/lnx64.o/xelab -wto 3ffa70c73114415e92c2fbf0decbb39f --incr --debug typical --relax --mt 8 -L xil_defaultlib -L secureip --snapshot FM_Mod_Mult_tb_behav xil_defaultlib.FM_Mod_Mult_tb -log elaborate.log 
Using 8 slave threads.
Starting static elaboration
Completed static elaboration
Starting simulation data flow analysis
Completed simulation data flow analysis
Time Resolution for simulation is 1ps
Compiling package std.standard
Compiling package std.textio
Compiling package ieee.std_logic_1164
Compiling package ieee.numeric_std
Compiling architecture behavioral of entity xil_defaultlib.LUT [lut_default]
Compiling architecture behavioral of entity xil_defaultlib.r_shift_reg [r_shift_reg_default]
Compiling architecture behavioral of entity xil_defaultlib.CSA [csa_default]
Compiling architecture behavioral of entity xil_defaultlib.mod_mult [mod_mult_default]
Compiling architecture behavioral of entity xil_defaultlib.CLA_258 [cla_258_default]
Compiling architecture behavioral of entity xil_defaultlib.CLA [cla_default]
Compiling architecture behavioral of entity xil_defaultlib.four_bit_CLA [four_bit_cla_default]
Compiling architecture behavioral of entity xil_defaultlib.CLS [cls_default]
Compiling architecture behavioral of entity xil_defaultlib.FM_Mod_Mult [fm_mod_mult_default]
Compiling architecture bench of entity xil_defaultlib.fm_mod_mult_tb
Built simulation snapshot FM_Mod_Mult_tb_behav
