
*** Running vivado
    with args -log CLA.vds -m64 -product Vivado -mode batch -messageDb vivado.pb -notrace -source CLA.tcl


****** Vivado v2018.2 (64-bit)
  **** SW Build 2258646 on Thu Jun 14 20:02:38 MDT 2018
  **** IP Build 2256618 on Thu Jun 14 22:10:49 MDT 2018
    ** Copyright 1986-2018 Xilinx, Inc. All Rights Reserved.

source CLA.tcl -notrace
Command: synth_design -top CLA -part xc7z020clg484-1
Starting synth_design
Attempting to get a license for feature 'Synthesis' and/or device 'xc7z020'
INFO: [Common 17-349] Got license for feature 'Synthesis' and/or device 'xc7z020'
INFO: Launching helper process for spawning children vivado processes
INFO: Helper process launched with PID 16206 
---------------------------------------------------------------------------------
Starting Synthesize : Time (s): cpu = 00:00:02 ; elapsed = 00:00:02 . Memory (MB): peak = 1276.016 ; gain = 85.863 ; free physical = 300 ; free virtual = 10901
---------------------------------------------------------------------------------
INFO: [Synth 8-638] synthesizing module 'CLA' [/home/gabor7669/Desktop/DoDS1/Design_of_Digital_Systems1_RSA/CLA_258/CLA_258.srcs/sources_1/new/CLA_258_top.vhd:18]
	Parameter word_length bound to: 256 - type: integer 
INFO: [Synth 8-3491] module 'CLA_258' declared at '/home/gabor7669/Desktop/DoDS1/Design_of_Digital_Systems1_RSA/CLA_258/CLA_258.srcs/sources_1/new/CLA_258.vhd:13' bound to instance 'CLA_adder' of component 'CLA_258' [/home/gabor7669/Desktop/DoDS1/Design_of_Digital_Systems1_RSA/CLA_258/CLA_258.srcs/sources_1/new/CLA_258_top.vhd:34]
INFO: [Synth 8-638] synthesizing module 'CLA_258' [/home/gabor7669/Desktop/DoDS1/Design_of_Digital_Systems1_RSA/CLA_258/CLA_258.srcs/sources_1/new/CLA_258.vhd:22]
INFO: [Synth 8-256] done synthesizing module 'CLA_258' (1#1) [/home/gabor7669/Desktop/DoDS1/Design_of_Digital_Systems1_RSA/CLA_258/CLA_258.srcs/sources_1/new/CLA_258.vhd:22]
INFO: [Synth 8-3491] module 'CLA_258' declared at '/home/gabor7669/Desktop/DoDS1/Design_of_Digital_Systems1_RSA/CLA_258/CLA_258.srcs/sources_1/new/CLA_258.vhd:13' bound to instance 'CLA_adder' of component 'CLA_258' [/home/gabor7669/Desktop/DoDS1/Design_of_Digital_Systems1_RSA/CLA_258/CLA_258.srcs/sources_1/new/CLA_258_top.vhd:34]
INFO: [Synth 8-3491] module 'CLA_258' declared at '/home/gabor7669/Desktop/DoDS1/Design_of_Digital_Systems1_RSA/CLA_258/CLA_258.srcs/sources_1/new/CLA_258.vhd:13' bound to instance 'CLA_adder' of component 'CLA_258' [/home/gabor7669/Desktop/DoDS1/Design_of_Digital_Systems1_RSA/CLA_258/CLA_258.srcs/sources_1/new/CLA_258_top.vhd:34]
INFO: [Synth 8-3491] module 'CLA_258' declared at '/home/gabor7669/Desktop/DoDS1/Design_of_Digital_Systems1_RSA/CLA_258/CLA_258.srcs/sources_1/new/CLA_258.vhd:13' bound to instance 'CLA_adder' of component 'CLA_258' [/home/gabor7669/Desktop/DoDS1/Design_of_Digital_Systems1_RSA/CLA_258/CLA_258.srcs/sources_1/new/CLA_258_top.vhd:34]
INFO: [Synth 8-3491] module 'CLA_258' declared at '/home/gabor7669/Desktop/DoDS1/Design_of_Digital_Systems1_RSA/CLA_258/CLA_258.srcs/sources_1/new/CLA_258.vhd:13' bound to instance 'CLA_adder' of component 'CLA_258' [/home/gabor7669/Desktop/DoDS1/Design_of_Digital_Systems1_RSA/CLA_258/CLA_258.srcs/sources_1/new/CLA_258_top.vhd:34]
INFO: [Synth 8-3491] module 'CLA_258' declared at '/home/gabor7669/Desktop/DoDS1/Design_of_Digital_Systems1_RSA/CLA_258/CLA_258.srcs/sources_1/new/CLA_258.vhd:13' bound to instance 'CLA_adder' of component 'CLA_258' [/home/gabor7669/Desktop/DoDS1/Design_of_Digital_Systems1_RSA/CLA_258/CLA_258.srcs/sources_1/new/CLA_258_top.vhd:34]
INFO: [Synth 8-3491] module 'CLA_258' declared at '/home/gabor7669/Desktop/DoDS1/Design_of_Digital_Systems1_RSA/CLA_258/CLA_258.srcs/sources_1/new/CLA_258.vhd:13' bound to instance 'CLA_adder' of component 'CLA_258' [/home/gabor7669/Desktop/DoDS1/Design_of_Digital_Systems1_RSA/CLA_258/CLA_258.srcs/sources_1/new/CLA_258_top.vhd:34]
INFO: [Synth 8-3491] module 'CLA_258' declared at '/home/gabor7669/Desktop/DoDS1/Design_of_Digital_Systems1_RSA/CLA_258/CLA_258.srcs/sources_1/new/CLA_258.vhd:13' bound to instance 'CLA_adder' of component 'CLA_258' [/home/gabor7669/Desktop/DoDS1/Design_of_Digital_Systems1_RSA/CLA_258/CLA_258.srcs/sources_1/new/CLA_258_top.vhd:34]
INFO: [Synth 8-3491] module 'CLA_258' declared at '/home/gabor7669/Desktop/DoDS1/Design_of_Digital_Systems1_RSA/CLA_258/CLA_258.srcs/sources_1/new/CLA_258.vhd:13' bound to instance 'CLA_adder' of component 'CLA_258' [/home/gabor7669/Desktop/DoDS1/Design_of_Digital_Systems1_RSA/CLA_258/CLA_258.srcs/sources_1/new/CLA_258_top.vhd:34]
INFO: [Synth 8-3491] module 'CLA_258' declared at '/home/gabor7669/Desktop/DoDS1/Design_of_Digital_Systems1_RSA/CLA_258/CLA_258.srcs/sources_1/new/CLA_258.vhd:13' bound to instance 'CLA_adder' of component 'CLA_258' [/home/gabor7669/Desktop/DoDS1/Design_of_Digital_Systems1_RSA/CLA_258/CLA_258.srcs/sources_1/new/CLA_258_top.vhd:34]
INFO: [Synth 8-3491] module 'CLA_258' declared at '/home/gabor7669/Desktop/DoDS1/Design_of_Digital_Systems1_RSA/CLA_258/CLA_258.srcs/sources_1/new/CLA_258.vhd:13' bound to instance 'CLA_adder' of component 'CLA_258' [/home/gabor7669/Desktop/DoDS1/Design_of_Digital_Systems1_RSA/CLA_258/CLA_258.srcs/sources_1/new/CLA_258_top.vhd:34]
INFO: [Synth 8-3491] module 'CLA_258' declared at '/home/gabor7669/Desktop/DoDS1/Design_of_Digital_Systems1_RSA/CLA_258/CLA_258.srcs/sources_1/new/CLA_258.vhd:13' bound to instance 'CLA_adder' of component 'CLA_258' [/home/gabor7669/Desktop/DoDS1/Design_of_Digital_Systems1_RSA/CLA_258/CLA_258.srcs/sources_1/new/CLA_258_top.vhd:34]
INFO: [Synth 8-3491] module 'CLA_258' declared at '/home/gabor7669/Desktop/DoDS1/Design_of_Digital_Systems1_RSA/CLA_258/CLA_258.srcs/sources_1/new/CLA_258.vhd:13' bound to instance 'CLA_adder' of component 'CLA_258' [/home/gabor7669/Desktop/DoDS1/Design_of_Digital_Systems1_RSA/CLA_258/CLA_258.srcs/sources_1/new/CLA_258_top.vhd:34]
INFO: [Synth 8-3491] module 'CLA_258' declared at '/home/gabor7669/Desktop/DoDS1/Design_of_Digital_Systems1_RSA/CLA_258/CLA_258.srcs/sources_1/new/CLA_258.vhd:13' bound to instance 'CLA_adder' of component 'CLA_258' [/home/gabor7669/Desktop/DoDS1/Design_of_Digital_Systems1_RSA/CLA_258/CLA_258.srcs/sources_1/new/CLA_258_top.vhd:34]
INFO: [Synth 8-3491] module 'CLA_258' declared at '/home/gabor7669/Desktop/DoDS1/Design_of_Digital_Systems1_RSA/CLA_258/CLA_258.srcs/sources_1/new/CLA_258.vhd:13' bound to instance 'CLA_adder' of component 'CLA_258' [/home/gabor7669/Desktop/DoDS1/Design_of_Digital_Systems1_RSA/CLA_258/CLA_258.srcs/sources_1/new/CLA_258_top.vhd:34]
INFO: [Synth 8-3491] module 'CLA_258' declared at '/home/gabor7669/Desktop/DoDS1/Design_of_Digital_Systems1_RSA/CLA_258/CLA_258.srcs/sources_1/new/CLA_258.vhd:13' bound to instance 'CLA_adder' of component 'CLA_258' [/home/gabor7669/Desktop/DoDS1/Design_of_Digital_Systems1_RSA/CLA_258/CLA_258.srcs/sources_1/new/CLA_258_top.vhd:34]
INFO: [Synth 8-3491] module 'CLA_258' declared at '/home/gabor7669/Desktop/DoDS1/Design_of_Digital_Systems1_RSA/CLA_258/CLA_258.srcs/sources_1/new/CLA_258.vhd:13' bound to instance 'CLA_adder' of component 'CLA_258' [/home/gabor7669/Desktop/DoDS1/Design_of_Digital_Systems1_RSA/CLA_258/CLA_258.srcs/sources_1/new/CLA_258_top.vhd:34]
INFO: [Synth 8-3491] module 'CLA_258' declared at '/home/gabor7669/Desktop/DoDS1/Design_of_Digital_Systems1_RSA/CLA_258/CLA_258.srcs/sources_1/new/CLA_258.vhd:13' bound to instance 'CLA_adder' of component 'CLA_258' [/home/gabor7669/Desktop/DoDS1/Design_of_Digital_Systems1_RSA/CLA_258/CLA_258.srcs/sources_1/new/CLA_258_top.vhd:34]
INFO: [Synth 8-3491] module 'CLA_258' declared at '/home/gabor7669/Desktop/DoDS1/Design_of_Digital_Systems1_RSA/CLA_258/CLA_258.srcs/sources_1/new/CLA_258.vhd:13' bound to instance 'CLA_adder' of component 'CLA_258' [/home/gabor7669/Desktop/DoDS1/Design_of_Digital_Systems1_RSA/CLA_258/CLA_258.srcs/sources_1/new/CLA_258_top.vhd:34]
INFO: [Synth 8-3491] module 'CLA_258' declared at '/home/gabor7669/Desktop/DoDS1/Design_of_Digital_Systems1_RSA/CLA_258/CLA_258.srcs/sources_1/new/CLA_258.vhd:13' bound to instance 'CLA_adder' of component 'CLA_258' [/home/gabor7669/Desktop/DoDS1/Design_of_Digital_Systems1_RSA/CLA_258/CLA_258.srcs/sources_1/new/CLA_258_top.vhd:34]
INFO: [Synth 8-3491] module 'CLA_258' declared at '/home/gabor7669/Desktop/DoDS1/Design_of_Digital_Systems1_RSA/CLA_258/CLA_258.srcs/sources_1/new/CLA_258.vhd:13' bound to instance 'CLA_adder' of component 'CLA_258' [/home/gabor7669/Desktop/DoDS1/Design_of_Digital_Systems1_RSA/CLA_258/CLA_258.srcs/sources_1/new/CLA_258_top.vhd:34]
INFO: [Synth 8-3491] module 'CLA_258' declared at '/home/gabor7669/Desktop/DoDS1/Design_of_Digital_Systems1_RSA/CLA_258/CLA_258.srcs/sources_1/new/CLA_258.vhd:13' bound to instance 'CLA_adder' of component 'CLA_258' [/home/gabor7669/Desktop/DoDS1/Design_of_Digital_Systems1_RSA/CLA_258/CLA_258.srcs/sources_1/new/CLA_258_top.vhd:34]
INFO: [Synth 8-3491] module 'CLA_258' declared at '/home/gabor7669/Desktop/DoDS1/Design_of_Digital_Systems1_RSA/CLA_258/CLA_258.srcs/sources_1/new/CLA_258.vhd:13' bound to instance 'CLA_adder' of component 'CLA_258' [/home/gabor7669/Desktop/DoDS1/Design_of_Digital_Systems1_RSA/CLA_258/CLA_258.srcs/sources_1/new/CLA_258_top.vhd:34]
INFO: [Synth 8-3491] module 'CLA_258' declared at '/home/gabor7669/Desktop/DoDS1/Design_of_Digital_Systems1_RSA/CLA_258/CLA_258.srcs/sources_1/new/CLA_258.vhd:13' bound to instance 'CLA_adder' of component 'CLA_258' [/home/gabor7669/Desktop/DoDS1/Design_of_Digital_Systems1_RSA/CLA_258/CLA_258.srcs/sources_1/new/CLA_258_top.vhd:34]
INFO: [Synth 8-3491] module 'CLA_258' declared at '/home/gabor7669/Desktop/DoDS1/Design_of_Digital_Systems1_RSA/CLA_258/CLA_258.srcs/sources_1/new/CLA_258.vhd:13' bound to instance 'CLA_adder' of component 'CLA_258' [/home/gabor7669/Desktop/DoDS1/Design_of_Digital_Systems1_RSA/CLA_258/CLA_258.srcs/sources_1/new/CLA_258_top.vhd:34]
INFO: [Synth 8-3491] module 'CLA_258' declared at '/home/gabor7669/Desktop/DoDS1/Design_of_Digital_Systems1_RSA/CLA_258/CLA_258.srcs/sources_1/new/CLA_258.vhd:13' bound to instance 'CLA_adder' of component 'CLA_258' [/home/gabor7669/Desktop/DoDS1/Design_of_Digital_Systems1_RSA/CLA_258/CLA_258.srcs/sources_1/new/CLA_258_top.vhd:34]
INFO: [Synth 8-3491] module 'CLA_258' declared at '/home/gabor7669/Desktop/DoDS1/Design_of_Digital_Systems1_RSA/CLA_258/CLA_258.srcs/sources_1/new/CLA_258.vhd:13' bound to instance 'CLA_adder' of component 'CLA_258' [/home/gabor7669/Desktop/DoDS1/Design_of_Digital_Systems1_RSA/CLA_258/CLA_258.srcs/sources_1/new/CLA_258_top.vhd:34]
INFO: [Synth 8-3491] module 'CLA_258' declared at '/home/gabor7669/Desktop/DoDS1/Design_of_Digital_Systems1_RSA/CLA_258/CLA_258.srcs/sources_1/new/CLA_258.vhd:13' bound to instance 'CLA_adder' of component 'CLA_258' [/home/gabor7669/Desktop/DoDS1/Design_of_Digital_Systems1_RSA/CLA_258/CLA_258.srcs/sources_1/new/CLA_258_top.vhd:34]
INFO: [Synth 8-3491] module 'CLA_258' declared at '/home/gabor7669/Desktop/DoDS1/Design_of_Digital_Systems1_RSA/CLA_258/CLA_258.srcs/sources_1/new/CLA_258.vhd:13' bound to instance 'CLA_adder' of component 'CLA_258' [/home/gabor7669/Desktop/DoDS1/Design_of_Digital_Systems1_RSA/CLA_258/CLA_258.srcs/sources_1/new/CLA_258_top.vhd:34]
INFO: [Synth 8-3491] module 'CLA_258' declared at '/home/gabor7669/Desktop/DoDS1/Design_of_Digital_Systems1_RSA/CLA_258/CLA_258.srcs/sources_1/new/CLA_258.vhd:13' bound to instance 'CLA_adder' of component 'CLA_258' [/home/gabor7669/Desktop/DoDS1/Design_of_Digital_Systems1_RSA/CLA_258/CLA_258.srcs/sources_1/new/CLA_258_top.vhd:34]
INFO: [Synth 8-3491] module 'CLA_258' declared at '/home/gabor7669/Desktop/DoDS1/Design_of_Digital_Systems1_RSA/CLA_258/CLA_258.srcs/sources_1/new/CLA_258.vhd:13' bound to instance 'CLA_adder' of component 'CLA_258' [/home/gabor7669/Desktop/DoDS1/Design_of_Digital_Systems1_RSA/CLA_258/CLA_258.srcs/sources_1/new/CLA_258_top.vhd:34]
INFO: [Synth 8-3491] module 'CLA_258' declared at '/home/gabor7669/Desktop/DoDS1/Design_of_Digital_Systems1_RSA/CLA_258/CLA_258.srcs/sources_1/new/CLA_258.vhd:13' bound to instance 'CLA_adder' of component 'CLA_258' [/home/gabor7669/Desktop/DoDS1/Design_of_Digital_Systems1_RSA/CLA_258/CLA_258.srcs/sources_1/new/CLA_258_top.vhd:34]
INFO: [Synth 8-3491] module 'CLA_258' declared at '/home/gabor7669/Desktop/DoDS1/Design_of_Digital_Systems1_RSA/CLA_258/CLA_258.srcs/sources_1/new/CLA_258.vhd:13' bound to instance 'CLA_adder' of component 'CLA_258' [/home/gabor7669/Desktop/DoDS1/Design_of_Digital_Systems1_RSA/CLA_258/CLA_258.srcs/sources_1/new/CLA_258_top.vhd:34]
INFO: [Synth 8-3491] module 'CLA_258' declared at '/home/gabor7669/Desktop/DoDS1/Design_of_Digital_Systems1_RSA/CLA_258/CLA_258.srcs/sources_1/new/CLA_258.vhd:13' bound to instance 'CLA_adder' of component 'CLA_258' [/home/gabor7669/Desktop/DoDS1/Design_of_Digital_Systems1_RSA/CLA_258/CLA_258.srcs/sources_1/new/CLA_258_top.vhd:34]
INFO: [Synth 8-3491] module 'CLA_258' declared at '/home/gabor7669/Desktop/DoDS1/Design_of_Digital_Systems1_RSA/CLA_258/CLA_258.srcs/sources_1/new/CLA_258.vhd:13' bound to instance 'CLA_adder' of component 'CLA_258' [/home/gabor7669/Desktop/DoDS1/Design_of_Digital_Systems1_RSA/CLA_258/CLA_258.srcs/sources_1/new/CLA_258_top.vhd:34]
INFO: [Synth 8-3491] module 'CLA_258' declared at '/home/gabor7669/Desktop/DoDS1/Design_of_Digital_Systems1_RSA/CLA_258/CLA_258.srcs/sources_1/new/CLA_258.vhd:13' bound to instance 'CLA_adder' of component 'CLA_258' [/home/gabor7669/Desktop/DoDS1/Design_of_Digital_Systems1_RSA/CLA_258/CLA_258.srcs/sources_1/new/CLA_258_top.vhd:34]
INFO: [Synth 8-3491] module 'CLA_258' declared at '/home/gabor7669/Desktop/DoDS1/Design_of_Digital_Systems1_RSA/CLA_258/CLA_258.srcs/sources_1/new/CLA_258.vhd:13' bound to instance 'CLA_adder' of component 'CLA_258' [/home/gabor7669/Desktop/DoDS1/Design_of_Digital_Systems1_RSA/CLA_258/CLA_258.srcs/sources_1/new/CLA_258_top.vhd:34]
INFO: [Synth 8-3491] module 'CLA_258' declared at '/home/gabor7669/Desktop/DoDS1/Design_of_Digital_Systems1_RSA/CLA_258/CLA_258.srcs/sources_1/new/CLA_258.vhd:13' bound to instance 'CLA_adder' of component 'CLA_258' [/home/gabor7669/Desktop/DoDS1/Design_of_Digital_Systems1_RSA/CLA_258/CLA_258.srcs/sources_1/new/CLA_258_top.vhd:34]
INFO: [Synth 8-3491] module 'CLA_258' declared at '/home/gabor7669/Desktop/DoDS1/Design_of_Digital_Systems1_RSA/CLA_258/CLA_258.srcs/sources_1/new/CLA_258.vhd:13' bound to instance 'CLA_adder' of component 'CLA_258' [/home/gabor7669/Desktop/DoDS1/Design_of_Digital_Systems1_RSA/CLA_258/CLA_258.srcs/sources_1/new/CLA_258_top.vhd:34]
INFO: [Synth 8-3491] module 'CLA_258' declared at '/home/gabor7669/Desktop/DoDS1/Design_of_Digital_Systems1_RSA/CLA_258/CLA_258.srcs/sources_1/new/CLA_258.vhd:13' bound to instance 'CLA_adder' of component 'CLA_258' [/home/gabor7669/Desktop/DoDS1/Design_of_Digital_Systems1_RSA/CLA_258/CLA_258.srcs/sources_1/new/CLA_258_top.vhd:34]
INFO: [Synth 8-3491] module 'CLA_258' declared at '/home/gabor7669/Desktop/DoDS1/Design_of_Digital_Systems1_RSA/CLA_258/CLA_258.srcs/sources_1/new/CLA_258.vhd:13' bound to instance 'CLA_adder' of component 'CLA_258' [/home/gabor7669/Desktop/DoDS1/Design_of_Digital_Systems1_RSA/CLA_258/CLA_258.srcs/sources_1/new/CLA_258_top.vhd:34]
INFO: [Synth 8-3491] module 'CLA_258' declared at '/home/gabor7669/Desktop/DoDS1/Design_of_Digital_Systems1_RSA/CLA_258/CLA_258.srcs/sources_1/new/CLA_258.vhd:13' bound to instance 'CLA_adder' of component 'CLA_258' [/home/gabor7669/Desktop/DoDS1/Design_of_Digital_Systems1_RSA/CLA_258/CLA_258.srcs/sources_1/new/CLA_258_top.vhd:34]
INFO: [Synth 8-3491] module 'CLA_258' declared at '/home/gabor7669/Desktop/DoDS1/Design_of_Digital_Systems1_RSA/CLA_258/CLA_258.srcs/sources_1/new/CLA_258.vhd:13' bound to instance 'CLA_adder' of component 'CLA_258' [/home/gabor7669/Desktop/DoDS1/Design_of_Digital_Systems1_RSA/CLA_258/CLA_258.srcs/sources_1/new/CLA_258_top.vhd:34]
INFO: [Synth 8-3491] module 'CLA_258' declared at '/home/gabor7669/Desktop/DoDS1/Design_of_Digital_Systems1_RSA/CLA_258/CLA_258.srcs/sources_1/new/CLA_258.vhd:13' bound to instance 'CLA_adder' of component 'CLA_258' [/home/gabor7669/Desktop/DoDS1/Design_of_Digital_Systems1_RSA/CLA_258/CLA_258.srcs/sources_1/new/CLA_258_top.vhd:34]
INFO: [Synth 8-3491] module 'CLA_258' declared at '/home/gabor7669/Desktop/DoDS1/Design_of_Digital_Systems1_RSA/CLA_258/CLA_258.srcs/sources_1/new/CLA_258.vhd:13' bound to instance 'CLA_adder' of component 'CLA_258' [/home/gabor7669/Desktop/DoDS1/Design_of_Digital_Systems1_RSA/CLA_258/CLA_258.srcs/sources_1/new/CLA_258_top.vhd:34]
INFO: [Synth 8-3491] module 'CLA_258' declared at '/home/gabor7669/Desktop/DoDS1/Design_of_Digital_Systems1_RSA/CLA_258/CLA_258.srcs/sources_1/new/CLA_258.vhd:13' bound to instance 'CLA_adder' of component 'CLA_258' [/home/gabor7669/Desktop/DoDS1/Design_of_Digital_Systems1_RSA/CLA_258/CLA_258.srcs/sources_1/new/CLA_258_top.vhd:34]
INFO: [Synth 8-3491] module 'CLA_258' declared at '/home/gabor7669/Desktop/DoDS1/Design_of_Digital_Systems1_RSA/CLA_258/CLA_258.srcs/sources_1/new/CLA_258.vhd:13' bound to instance 'CLA_adder' of component 'CLA_258' [/home/gabor7669/Desktop/DoDS1/Design_of_Digital_Systems1_RSA/CLA_258/CLA_258.srcs/sources_1/new/CLA_258_top.vhd:34]
INFO: [Synth 8-3491] module 'CLA_258' declared at '/home/gabor7669/Desktop/DoDS1/Design_of_Digital_Systems1_RSA/CLA_258/CLA_258.srcs/sources_1/new/CLA_258.vhd:13' bound to instance 'CLA_adder' of component 'CLA_258' [/home/gabor7669/Desktop/DoDS1/Design_of_Digital_Systems1_RSA/CLA_258/CLA_258.srcs/sources_1/new/CLA_258_top.vhd:34]
INFO: [Synth 8-3491] module 'CLA_258' declared at '/home/gabor7669/Desktop/DoDS1/Design_of_Digital_Systems1_RSA/CLA_258/CLA_258.srcs/sources_1/new/CLA_258.vhd:13' bound to instance 'CLA_adder' of component 'CLA_258' [/home/gabor7669/Desktop/DoDS1/Design_of_Digital_Systems1_RSA/CLA_258/CLA_258.srcs/sources_1/new/CLA_258_top.vhd:34]
INFO: [Synth 8-3491] module 'CLA_258' declared at '/home/gabor7669/Desktop/DoDS1/Design_of_Digital_Systems1_RSA/CLA_258/CLA_258.srcs/sources_1/new/CLA_258.vhd:13' bound to instance 'CLA_adder' of component 'CLA_258' [/home/gabor7669/Desktop/DoDS1/Design_of_Digital_Systems1_RSA/CLA_258/CLA_258.srcs/sources_1/new/CLA_258_top.vhd:34]
INFO: [Synth 8-3491] module 'CLA_258' declared at '/home/gabor7669/Desktop/DoDS1/Design_of_Digital_Systems1_RSA/CLA_258/CLA_258.srcs/sources_1/new/CLA_258.vhd:13' bound to instance 'CLA_adder' of component 'CLA_258' [/home/gabor7669/Desktop/DoDS1/Design_of_Digital_Systems1_RSA/CLA_258/CLA_258.srcs/sources_1/new/CLA_258_top.vhd:34]
INFO: [Synth 8-3491] module 'CLA_258' declared at '/home/gabor7669/Desktop/DoDS1/Design_of_Digital_Systems1_RSA/CLA_258/CLA_258.srcs/sources_1/new/CLA_258.vhd:13' bound to instance 'CLA_adder' of component 'CLA_258' [/home/gabor7669/Desktop/DoDS1/Design_of_Digital_Systems1_RSA/CLA_258/CLA_258.srcs/sources_1/new/CLA_258_top.vhd:34]
INFO: [Synth 8-3491] module 'CLA_258' declared at '/home/gabor7669/Desktop/DoDS1/Design_of_Digital_Systems1_RSA/CLA_258/CLA_258.srcs/sources_1/new/CLA_258.vhd:13' bound to instance 'CLA_adder' of component 'CLA_258' [/home/gabor7669/Desktop/DoDS1/Design_of_Digital_Systems1_RSA/CLA_258/CLA_258.srcs/sources_1/new/CLA_258_top.vhd:34]
INFO: [Synth 8-3491] module 'CLA_258' declared at '/home/gabor7669/Desktop/DoDS1/Design_of_Digital_Systems1_RSA/CLA_258/CLA_258.srcs/sources_1/new/CLA_258.vhd:13' bound to instance 'CLA_adder' of component 'CLA_258' [/home/gabor7669/Desktop/DoDS1/Design_of_Digital_Systems1_RSA/CLA_258/CLA_258.srcs/sources_1/new/CLA_258_top.vhd:34]
INFO: [Synth 8-3491] module 'CLA_258' declared at '/home/gabor7669/Desktop/DoDS1/Design_of_Digital_Systems1_RSA/CLA_258/CLA_258.srcs/sources_1/new/CLA_258.vhd:13' bound to instance 'CLA_adder' of component 'CLA_258' [/home/gabor7669/Desktop/DoDS1/Design_of_Digital_Systems1_RSA/CLA_258/CLA_258.srcs/sources_1/new/CLA_258_top.vhd:34]
INFO: [Synth 8-3491] module 'CLA_258' declared at '/home/gabor7669/Desktop/DoDS1/Design_of_Digital_Systems1_RSA/CLA_258/CLA_258.srcs/sources_1/new/CLA_258.vhd:13' bound to instance 'CLA_adder' of component 'CLA_258' [/home/gabor7669/Desktop/DoDS1/Design_of_Digital_Systems1_RSA/CLA_258/CLA_258.srcs/sources_1/new/CLA_258_top.vhd:34]
INFO: [Synth 8-3491] module 'CLA_258' declared at '/home/gabor7669/Desktop/DoDS1/Design_of_Digital_Systems1_RSA/CLA_258/CLA_258.srcs/sources_1/new/CLA_258.vhd:13' bound to instance 'CLA_adder' of component 'CLA_258' [/home/gabor7669/Desktop/DoDS1/Design_of_Digital_Systems1_RSA/CLA_258/CLA_258.srcs/sources_1/new/CLA_258_top.vhd:34]
INFO: [Synth 8-3491] module 'CLA_258' declared at '/home/gabor7669/Desktop/DoDS1/Design_of_Digital_Systems1_RSA/CLA_258/CLA_258.srcs/sources_1/new/CLA_258.vhd:13' bound to instance 'CLA_adder' of component 'CLA_258' [/home/gabor7669/Desktop/DoDS1/Design_of_Digital_Systems1_RSA/CLA_258/CLA_258.srcs/sources_1/new/CLA_258_top.vhd:34]
INFO: [Synth 8-3491] module 'CLA_258' declared at '/home/gabor7669/Desktop/DoDS1/Design_of_Digital_Systems1_RSA/CLA_258/CLA_258.srcs/sources_1/new/CLA_258.vhd:13' bound to instance 'CLA_adder' of component 'CLA_258' [/home/gabor7669/Desktop/DoDS1/Design_of_Digital_Systems1_RSA/CLA_258/CLA_258.srcs/sources_1/new/CLA_258_top.vhd:34]
INFO: [Synth 8-3491] module 'CLA_258' declared at '/home/gabor7669/Desktop/DoDS1/Design_of_Digital_Systems1_RSA/CLA_258/CLA_258.srcs/sources_1/new/CLA_258.vhd:13' bound to instance 'CLA_adder' of component 'CLA_258' [/home/gabor7669/Desktop/DoDS1/Design_of_Digital_Systems1_RSA/CLA_258/CLA_258.srcs/sources_1/new/CLA_258_top.vhd:34]
INFO: [Synth 8-3491] module 'CLA_258' declared at '/home/gabor7669/Desktop/DoDS1/Design_of_Digital_Systems1_RSA/CLA_258/CLA_258.srcs/sources_1/new/CLA_258.vhd:13' bound to instance 'CLA_adder' of component 'CLA_258' [/home/gabor7669/Desktop/DoDS1/Design_of_Digital_Systems1_RSA/CLA_258/CLA_258.srcs/sources_1/new/CLA_258_top.vhd:34]
INFO: [Synth 8-3491] module 'CLA_258' declared at '/home/gabor7669/Desktop/DoDS1/Design_of_Digital_Systems1_RSA/CLA_258/CLA_258.srcs/sources_1/new/CLA_258.vhd:13' bound to instance 'CLA_adder' of component 'CLA_258' [/home/gabor7669/Desktop/DoDS1/Design_of_Digital_Systems1_RSA/CLA_258/CLA_258.srcs/sources_1/new/CLA_258_top.vhd:34]
INFO: [Synth 8-3491] module 'CLA_258' declared at '/home/gabor7669/Desktop/DoDS1/Design_of_Digital_Systems1_RSA/CLA_258/CLA_258.srcs/sources_1/new/CLA_258.vhd:13' bound to instance 'CLA_adder' of component 'CLA_258' [/home/gabor7669/Desktop/DoDS1/Design_of_Digital_Systems1_RSA/CLA_258/CLA_258.srcs/sources_1/new/CLA_258_top.vhd:34]
INFO: [Synth 8-3491] module 'CLA_258' declared at '/home/gabor7669/Desktop/DoDS1/Design_of_Digital_Systems1_RSA/CLA_258/CLA_258.srcs/sources_1/new/CLA_258.vhd:13' bound to instance 'CLA_adder' of component 'CLA_258' [/home/gabor7669/Desktop/DoDS1/Design_of_Digital_Systems1_RSA/CLA_258/CLA_258.srcs/sources_1/new/CLA_258_top.vhd:34]
INFO: [Synth 8-256] done synthesizing module 'CLA' (2#1) [/home/gabor7669/Desktop/DoDS1/Design_of_Digital_Systems1_RSA/CLA_258/CLA_258.srcs/sources_1/new/CLA_258_top.vhd:18]
---------------------------------------------------------------------------------
Finished Synthesize : Time (s): cpu = 00:00:02 ; elapsed = 00:00:03 . Memory (MB): peak = 1319.641 ; gain = 129.488 ; free physical = 312 ; free virtual = 10913
---------------------------------------------------------------------------------
---------------------------------------------------------------------------------
Finished Constraint Validation : Time (s): cpu = 00:00:03 ; elapsed = 00:00:03 . Memory (MB): peak = 1319.641 ; gain = 129.488 ; free physical = 313 ; free virtual = 10915
---------------------------------------------------------------------------------
---------------------------------------------------------------------------------
Start Loading Part and Timing Information
---------------------------------------------------------------------------------
Loading part: xc7z020clg484-1
---------------------------------------------------------------------------------
Finished Loading Part and Timing Information : Time (s): cpu = 00:00:03 ; elapsed = 00:00:03 . Memory (MB): peak = 1327.645 ; gain = 137.492 ; free physical = 313 ; free virtual = 10915
---------------------------------------------------------------------------------
INFO: [Device 21-403] Loading part xc7z020clg484-1
---------------------------------------------------------------------------------
Finished RTL Optimization Phase 2 : Time (s): cpu = 00:00:03 ; elapsed = 00:00:03 . Memory (MB): peak = 1335.652 ; gain = 145.500 ; free physical = 304 ; free virtual = 10905
---------------------------------------------------------------------------------

Report RTL Partitions: 
+-+--------------+------------+----------+
| |RTL Partition |Replication |Instances |
+-+--------------+------------+----------+
+-+--------------+------------+----------+
No constraint files found.
---------------------------------------------------------------------------------
Start RTL Component Statistics 
---------------------------------------------------------------------------------
Detailed RTL Component Info : 
+---XORs : 
	   2 Input      4 Bit         XORs := 128   
---------------------------------------------------------------------------------
Finished RTL Component Statistics 
---------------------------------------------------------------------------------
---------------------------------------------------------------------------------
Start RTL Hierarchical Component Statistics 
---------------------------------------------------------------------------------
Hierarchical RTL Component report 
Module CLA_258 
Detailed RTL Component Info : 
+---XORs : 
	   2 Input      4 Bit         XORs := 2     
---------------------------------------------------------------------------------
Finished RTL Hierarchical Component Statistics
---------------------------------------------------------------------------------
---------------------------------------------------------------------------------
Start Part Resource Summary
---------------------------------------------------------------------------------
Part Resources:
DSPs: 220 (col length:60)
BRAMs: 280 (col length: RAMB18 60 RAMB36 30)
---------------------------------------------------------------------------------
Finished Part Resource Summary
---------------------------------------------------------------------------------
No constraint files found.
---------------------------------------------------------------------------------
Start Cross Boundary and Area Optimization
---------------------------------------------------------------------------------
Warning: Parallel synthesis criteria is not met 
---------------------------------------------------------------------------------
Finished Cross Boundary and Area Optimization : Time (s): cpu = 00:00:23 ; elapsed = 00:00:38 . Memory (MB): peak = 1530.660 ; gain = 340.508 ; free physical = 192 ; free virtual = 10709
---------------------------------------------------------------------------------

Report RTL Partitions: 
+-+--------------+------------+----------+
| |RTL Partition |Replication |Instances |
+-+--------------+------------+----------+
+-+--------------+------------+----------+
No constraint files found.
---------------------------------------------------------------------------------
Start Timing Optimization
---------------------------------------------------------------------------------
---------------------------------------------------------------------------------
Finished Timing Optimization : Time (s): cpu = 00:00:23 ; elapsed = 00:00:38 . Memory (MB): peak = 1530.660 ; gain = 340.508 ; free physical = 192 ; free virtual = 10710
---------------------------------------------------------------------------------

Report RTL Partitions: 
+-+--------------+------------+----------+
| |RTL Partition |Replication |Instances |
+-+--------------+------------+----------+
+-+--------------+------------+----------+
---------------------------------------------------------------------------------
Start Technology Mapping
---------------------------------------------------------------------------------
---------------------------------------------------------------------------------
Finished Technology Mapping : Time (s): cpu = 00:00:23 ; elapsed = 00:00:39 . Memory (MB): peak = 1530.660 ; gain = 340.508 ; free physical = 189 ; free virtual = 10707
---------------------------------------------------------------------------------

Report RTL Partitions: 
+-+--------------+------------+----------+
| |RTL Partition |Replication |Instances |
+-+--------------+------------+----------+
+-+--------------+------------+----------+
---------------------------------------------------------------------------------
Start IO Insertion
---------------------------------------------------------------------------------
---------------------------------------------------------------------------------
Start Flattening Before IO Insertion
---------------------------------------------------------------------------------
---------------------------------------------------------------------------------
Finished Flattening Before IO Insertion
---------------------------------------------------------------------------------
---------------------------------------------------------------------------------
Start Final Netlist Cleanup
---------------------------------------------------------------------------------
---------------------------------------------------------------------------------
Finished Final Netlist Cleanup
---------------------------------------------------------------------------------
---------------------------------------------------------------------------------
Finished IO Insertion : Time (s): cpu = 00:00:24 ; elapsed = 00:00:39 . Memory (MB): peak = 1530.660 ; gain = 340.508 ; free physical = 190 ; free virtual = 10707
---------------------------------------------------------------------------------

Report Check Netlist: 
+------+------------------+-------+---------+-------+------------------+
|      |Item              |Errors |Warnings |Status |Description       |
+------+------------------+-------+---------+-------+------------------+
|1     |multi_driven_nets |      0|        0|Passed |Multi driven nets |
+------+------------------+-------+---------+-------+------------------+
---------------------------------------------------------------------------------
Start Renaming Generated Instances
---------------------------------------------------------------------------------
---------------------------------------------------------------------------------
Finished Renaming Generated Instances : Time (s): cpu = 00:00:24 ; elapsed = 00:00:39 . Memory (MB): peak = 1530.660 ; gain = 340.508 ; free physical = 190 ; free virtual = 10707
---------------------------------------------------------------------------------

Report RTL Partitions: 
+-+--------------+------------+----------+
| |RTL Partition |Replication |Instances |
+-+--------------+------------+----------+
+-+--------------+------------+----------+
---------------------------------------------------------------------------------
Start Rebuilding User Hierarchy
---------------------------------------------------------------------------------
---------------------------------------------------------------------------------
Finished Rebuilding User Hierarchy : Time (s): cpu = 00:00:24 ; elapsed = 00:00:39 . Memory (MB): peak = 1530.660 ; gain = 340.508 ; free physical = 190 ; free virtual = 10707
---------------------------------------------------------------------------------
---------------------------------------------------------------------------------
Start Renaming Generated Ports
---------------------------------------------------------------------------------
---------------------------------------------------------------------------------
Finished Renaming Generated Ports : Time (s): cpu = 00:00:24 ; elapsed = 00:00:39 . Memory (MB): peak = 1530.660 ; gain = 340.508 ; free physical = 190 ; free virtual = 10707
---------------------------------------------------------------------------------
---------------------------------------------------------------------------------
Start Handling Custom Attributes
---------------------------------------------------------------------------------
---------------------------------------------------------------------------------
Finished Handling Custom Attributes : Time (s): cpu = 00:00:24 ; elapsed = 00:00:39 . Memory (MB): peak = 1530.660 ; gain = 340.508 ; free physical = 190 ; free virtual = 10707
---------------------------------------------------------------------------------
---------------------------------------------------------------------------------
Start Renaming Generated Nets
---------------------------------------------------------------------------------
---------------------------------------------------------------------------------
Finished Renaming Generated Nets : Time (s): cpu = 00:00:24 ; elapsed = 00:00:39 . Memory (MB): peak = 1530.660 ; gain = 340.508 ; free physical = 190 ; free virtual = 10707
---------------------------------------------------------------------------------
---------------------------------------------------------------------------------
Start Writing Synthesis Report
---------------------------------------------------------------------------------

Report BlackBoxes: 
+-+--------------+----------+
| |BlackBox name |Instances |
+-+--------------+----------+
+-+--------------+----------+

Report Cell Usage: 
+------+-----+------+
|      |Cell |Count |
+------+-----+------+
|1     |LUT2 |   147|
|2     |LUT3 |    78|
|3     |LUT5 |   357|
|4     |LUT6 |   147|
|5     |IBUF |   513|
|6     |OBUF |   256|
+------+-----+------+

Report Instance Areas: 
+------+---------+-------+------+
|      |Instance |Module |Cells |
+------+---------+-------+------+
|1     |top      |       |  1498|
+------+---------+-------+------+
---------------------------------------------------------------------------------
Finished Writing Synthesis Report : Time (s): cpu = 00:00:24 ; elapsed = 00:00:39 . Memory (MB): peak = 1530.660 ; gain = 340.508 ; free physical = 190 ; free virtual = 10707
---------------------------------------------------------------------------------
Synthesis finished with 0 errors, 0 critical warnings and 0 warnings.
Synthesis Optimization Runtime : Time (s): cpu = 00:00:24 ; elapsed = 00:00:39 . Memory (MB): peak = 1530.660 ; gain = 340.508 ; free physical = 191 ; free virtual = 10708
Synthesis Optimization Complete : Time (s): cpu = 00:00:24 ; elapsed = 00:00:39 . Memory (MB): peak = 1530.668 ; gain = 340.508 ; free physical = 191 ; free virtual = 10708
INFO: [Project 1-571] Translating synthesized netlist
INFO: [Netlist 29-17] Analyzing 513 Unisim elements for replacement
INFO: [Netlist 29-28] Unisim Transformation completed in 0 CPU seconds
WARNING: [Netlist 29-101] Netlist 'CLA' is not ideal for floorplanning, since the cellview 'CLA' contains a large number of primitives.  Please consider enabling hierarchy in synthesis if you want to do floorplanning.
INFO: [Project 1-570] Preparing netlist for logic optimization
INFO: [Opt 31-138] Pushed 0 inverter(s) to 0 load pin(s).
INFO: [Project 1-111] Unisim Transformation Summary:
No Unisim elements were transformed.

INFO: [Common 17-83] Releasing license: Synthesis
77 Infos, 1 Warnings, 0 Critical Warnings and 0 Errors encountered.
synth_design completed successfully
synth_design: Time (s): cpu = 00:00:26 ; elapsed = 00:00:41 . Memory (MB): peak = 1621.688 ; gain = 443.125 ; free physical = 175 ; free virtual = 10686
WARNING: [Constraints 18-5210] No constraint will be written out.
INFO: [Common 17-1381] The checkpoint '/home/gabor7669/Desktop/DoDS1/Design_of_Digital_Systems1_RSA/CLA_258/CLA_258.runs/synth_1/CLA.dcp' has been generated.
INFO: [runtcl-4] Executing : report_utilization -file CLA_utilization_synth.rpt -pb CLA_utilization_synth.pb
report_utilization: Time (s): cpu = 00:00:00.10 ; elapsed = 00:00:00.12 . Memory (MB): peak = 1645.699 ; gain = 0.000 ; free physical = 174 ; free virtual = 10685
INFO: [Common 17-206] Exiting Vivado at Mon Oct 22 14:06:53 2018...
