
*** Running vivado
    with args -log mod_mult.vds -m64 -product Vivado -mode batch -messageDb vivado.pb -notrace -source mod_mult.tcl


****** Vivado v2018.2 (64-bit)
  **** SW Build 2258646 on Thu Jun 14 20:02:38 MDT 2018
  **** IP Build 2256618 on Thu Jun 14 22:10:49 MDT 2018
    ** Copyright 1986-2018 Xilinx, Inc. All Rights Reserved.

source mod_mult.tcl -notrace
Command: synth_design -top mod_mult -part xc7z020clg484-1
Starting synth_design
Attempting to get a license for feature 'Synthesis' and/or device 'xc7z020'
INFO: [Common 17-349] Got license for feature 'Synthesis' and/or device 'xc7z020'
INFO: Launching helper process for spawning children vivado processes
INFO: Helper process launched with PID 17050 
---------------------------------------------------------------------------------
Starting Synthesize : Time (s): cpu = 00:00:02 ; elapsed = 00:00:02 . Memory (MB): peak = 1276.012 ; gain = 85.863 ; free physical = 516 ; free virtual = 10868
---------------------------------------------------------------------------------
INFO: [Synth 8-638] synthesizing module 'mod_mult' [/home/gabor7669/Desktop/DoDS1/Design_of_Digital_Systems1_RSA/mod_mult_loop_cont/mod_mult_loop_cont.srcs/sources_1/new/mod_mult.vhd:46]
	Parameter N bound to: 16 - type: integer 
WARNING: [Synth 8-614] signal 'i_reg' is read in the process but is not in the sensitivity list [/home/gabor7669/Desktop/DoDS1/Design_of_Digital_Systems1_RSA/mod_mult_loop_cont/mod_mult_loop_cont.srcs/sources_1/new/mod_mult.vhd:71]
WARNING: [Synth 8-614] signal 'i' is read in the process but is not in the sensitivity list [/home/gabor7669/Desktop/DoDS1/Design_of_Digital_Systems1_RSA/mod_mult_loop_cont/mod_mult_loop_cont.srcs/sources_1/new/mod_mult.vhd:71]
INFO: [Synth 8-256] done synthesizing module 'mod_mult' (1#1) [/home/gabor7669/Desktop/DoDS1/Design_of_Digital_Systems1_RSA/mod_mult_loop_cont/mod_mult_loop_cont.srcs/sources_1/new/mod_mult.vhd:46]
---------------------------------------------------------------------------------
Finished Synthesize : Time (s): cpu = 00:00:02 ; elapsed = 00:00:03 . Memory (MB): peak = 1320.637 ; gain = 130.488 ; free physical = 534 ; free virtual = 10886
---------------------------------------------------------------------------------
---------------------------------------------------------------------------------
Finished Constraint Validation : Time (s): cpu = 00:00:02 ; elapsed = 00:00:03 . Memory (MB): peak = 1320.637 ; gain = 130.488 ; free physical = 533 ; free virtual = 10885
---------------------------------------------------------------------------------
---------------------------------------------------------------------------------
Start Loading Part and Timing Information
---------------------------------------------------------------------------------
Loading part: xc7z020clg484-1
---------------------------------------------------------------------------------
Finished Loading Part and Timing Information : Time (s): cpu = 00:00:02 ; elapsed = 00:00:03 . Memory (MB): peak = 1328.641 ; gain = 138.492 ; free physical = 533 ; free virtual = 10885
---------------------------------------------------------------------------------
INFO: [Device 21-403] Loading part xc7z020clg484-1
INFO: [Synth 8-802] inferred FSM for state register 'pr_state_reg' in module 'mod_mult'
INFO: [Synth 8-5544] ROM "dv" won't be mapped to Block RAM because address size (2) smaller than threshold (5)
INFO: [Synth 8-5544] ROM "wr_en" won't be mapped to Block RAM because address size (2) smaller than threshold (5)
---------------------------------------------------------------------------------------------------
                   State |                     New Encoding |                Previous Encoding 
---------------------------------------------------------------------------------------------------
                    idle |                                0 |                               00
                     add |                                1 |                               01
---------------------------------------------------------------------------------------------------
INFO: [Synth 8-3354] encoded FSM with state register 'pr_state_reg' using encoding 'sequential' in module 'mod_mult'
---------------------------------------------------------------------------------
Finished RTL Optimization Phase 2 : Time (s): cpu = 00:00:03 ; elapsed = 00:00:03 . Memory (MB): peak = 1336.648 ; gain = 146.500 ; free physical = 524 ; free virtual = 10876
---------------------------------------------------------------------------------

Report RTL Partitions: 
+-+--------------+------------+----------+
| |RTL Partition |Replication |Instances |
+-+--------------+------------+----------+
+-+--------------+------------+----------+
No constraint files found.
---------------------------------------------------------------------------------
Start RTL Component Statistics 
---------------------------------------------------------------------------------
Detailed RTL Component Info : 
+---Adders : 
	   2 Input      4 Bit       Adders := 1     
+---Registers : 
	                4 Bit    Registers := 1     
+---Muxes : 
	   2 Input      4 Bit        Muxes := 1     
	   2 Input      1 Bit        Muxes := 3     
---------------------------------------------------------------------------------
Finished RTL Component Statistics 
---------------------------------------------------------------------------------
---------------------------------------------------------------------------------
Start RTL Hierarchical Component Statistics 
---------------------------------------------------------------------------------
Hierarchical RTL Component report 
Module mod_mult 
Detailed RTL Component Info : 
+---Adders : 
	   2 Input      4 Bit       Adders := 1     
+---Registers : 
	                4 Bit    Registers := 1     
+---Muxes : 
	   2 Input      4 Bit        Muxes := 1     
	   2 Input      1 Bit        Muxes := 3     
---------------------------------------------------------------------------------
Finished RTL Hierarchical Component Statistics
---------------------------------------------------------------------------------
---------------------------------------------------------------------------------
Start Part Resource Summary
---------------------------------------------------------------------------------
Part Resources:
DSPs: 220 (col length:60)
BRAMs: 280 (col length: RAMB18 60 RAMB36 30)
---------------------------------------------------------------------------------
Finished Part Resource Summary
---------------------------------------------------------------------------------
No constraint files found.
---------------------------------------------------------------------------------
Start Cross Boundary and Area Optimization
---------------------------------------------------------------------------------
Warning: Parallel synthesis criteria is not met 
WARNING: [Synth 8-3917] design mod_mult has port dv driven by constant 0
---------------------------------------------------------------------------------
Finished Cross Boundary and Area Optimization : Time (s): cpu = 00:00:10 ; elapsed = 00:00:25 . Memory (MB): peak = 1481.648 ; gain = 291.500 ; free physical = 359 ; free virtual = 10709
---------------------------------------------------------------------------------

Report RTL Partitions: 
+-+--------------+------------+----------+
| |RTL Partition |Replication |Instances |
+-+--------------+------------+----------+
+-+--------------+------------+----------+
No constraint files found.
---------------------------------------------------------------------------------
Start Timing Optimization
---------------------------------------------------------------------------------
---------------------------------------------------------------------------------
Finished Timing Optimization : Time (s): cpu = 00:00:10 ; elapsed = 00:00:25 . Memory (MB): peak = 1481.648 ; gain = 291.500 ; free physical = 358 ; free virtual = 10709
---------------------------------------------------------------------------------

Report RTL Partitions: 
+-+--------------+------------+----------+
| |RTL Partition |Replication |Instances |
+-+--------------+------------+----------+
+-+--------------+------------+----------+
---------------------------------------------------------------------------------
Start Technology Mapping
---------------------------------------------------------------------------------
---------------------------------------------------------------------------------
Finished Technology Mapping : Time (s): cpu = 00:00:10 ; elapsed = 00:00:25 . Memory (MB): peak = 1481.648 ; gain = 291.500 ; free physical = 358 ; free virtual = 10708
---------------------------------------------------------------------------------

Report RTL Partitions: 
+-+--------------+------------+----------+
| |RTL Partition |Replication |Instances |
+-+--------------+------------+----------+
+-+--------------+------------+----------+
---------------------------------------------------------------------------------
Start IO Insertion
---------------------------------------------------------------------------------
---------------------------------------------------------------------------------
Start Flattening Before IO Insertion
---------------------------------------------------------------------------------
---------------------------------------------------------------------------------
Finished Flattening Before IO Insertion
---------------------------------------------------------------------------------
---------------------------------------------------------------------------------
Start Final Netlist Cleanup
---------------------------------------------------------------------------------
---------------------------------------------------------------------------------
Finished Final Netlist Cleanup
---------------------------------------------------------------------------------
---------------------------------------------------------------------------------
Finished IO Insertion : Time (s): cpu = 00:00:11 ; elapsed = 00:00:26 . Memory (MB): peak = 1481.648 ; gain = 291.500 ; free physical = 358 ; free virtual = 10709
---------------------------------------------------------------------------------

Report Check Netlist: 
+------+------------------+-------+---------+-------+------------------+
|      |Item              |Errors |Warnings |Status |Description       |
+------+------------------+-------+---------+-------+------------------+
|1     |multi_driven_nets |      0|        0|Passed |Multi driven nets |
+------+------------------+-------+---------+-------+------------------+
---------------------------------------------------------------------------------
Start Renaming Generated Instances
---------------------------------------------------------------------------------
---------------------------------------------------------------------------------
Finished Renaming Generated Instances : Time (s): cpu = 00:00:11 ; elapsed = 00:00:26 . Memory (MB): peak = 1481.648 ; gain = 291.500 ; free physical = 358 ; free virtual = 10709
---------------------------------------------------------------------------------

Report RTL Partitions: 
+-+--------------+------------+----------+
| |RTL Partition |Replication |Instances |
+-+--------------+------------+----------+
+-+--------------+------------+----------+
---------------------------------------------------------------------------------
Start Rebuilding User Hierarchy
---------------------------------------------------------------------------------
---------------------------------------------------------------------------------
Finished Rebuilding User Hierarchy : Time (s): cpu = 00:00:11 ; elapsed = 00:00:26 . Memory (MB): peak = 1481.648 ; gain = 291.500 ; free physical = 358 ; free virtual = 10709
---------------------------------------------------------------------------------
---------------------------------------------------------------------------------
Start Renaming Generated Ports
---------------------------------------------------------------------------------
---------------------------------------------------------------------------------
Finished Renaming Generated Ports : Time (s): cpu = 00:00:11 ; elapsed = 00:00:26 . Memory (MB): peak = 1481.648 ; gain = 291.500 ; free physical = 358 ; free virtual = 10709
---------------------------------------------------------------------------------
---------------------------------------------------------------------------------
Start Handling Custom Attributes
---------------------------------------------------------------------------------
---------------------------------------------------------------------------------
Finished Handling Custom Attributes : Time (s): cpu = 00:00:11 ; elapsed = 00:00:26 . Memory (MB): peak = 1481.648 ; gain = 291.500 ; free physical = 358 ; free virtual = 10709
---------------------------------------------------------------------------------
---------------------------------------------------------------------------------
Start Renaming Generated Nets
---------------------------------------------------------------------------------
---------------------------------------------------------------------------------
Finished Renaming Generated Nets : Time (s): cpu = 00:00:11 ; elapsed = 00:00:26 . Memory (MB): peak = 1481.648 ; gain = 291.500 ; free physical = 358 ; free virtual = 10709
---------------------------------------------------------------------------------
---------------------------------------------------------------------------------
Start Writing Synthesis Report
---------------------------------------------------------------------------------

Report BlackBoxes: 
+-+--------------+----------+
| |BlackBox name |Instances |
+-+--------------+----------+
+-+--------------+----------+

Report Cell Usage: 
+------+------+------+
|      |Cell  |Count |
+------+------+------+
|1     |BUFG  |     1|
|2     |LUT2  |     2|
|3     |LUT3  |     1|
|4     |LUT4  |     1|
|5     |LUT5  |     1|
|6     |LUT6  |     5|
|7     |MUXF7 |     1|
|8     |FDCE  |     5|
|9     |IBUF  |    19|
|10    |OBUF  |     3|
+------+------+------+

Report Instance Areas: 
+------+---------+-------+------+
|      |Instance |Module |Cells |
+------+---------+-------+------+
|1     |top      |       |    39|
+------+---------+-------+------+
---------------------------------------------------------------------------------
Finished Writing Synthesis Report : Time (s): cpu = 00:00:11 ; elapsed = 00:00:26 . Memory (MB): peak = 1481.648 ; gain = 291.500 ; free physical = 358 ; free virtual = 10709
---------------------------------------------------------------------------------
Synthesis finished with 0 errors, 0 critical warnings and 3 warnings.
Synthesis Optimization Runtime : Time (s): cpu = 00:00:11 ; elapsed = 00:00:26 . Memory (MB): peak = 1481.648 ; gain = 291.500 ; free physical = 360 ; free virtual = 10711
Synthesis Optimization Complete : Time (s): cpu = 00:00:11 ; elapsed = 00:00:26 . Memory (MB): peak = 1481.656 ; gain = 291.500 ; free physical = 360 ; free virtual = 10711
INFO: [Project 1-571] Translating synthesized netlist
INFO: [Netlist 29-17] Analyzing 20 Unisim elements for replacement
INFO: [Netlist 29-28] Unisim Transformation completed in 0 CPU seconds
INFO: [Project 1-570] Preparing netlist for logic optimization
INFO: [Opt 31-138] Pushed 0 inverter(s) to 0 load pin(s).
INFO: [Project 1-111] Unisim Transformation Summary:
No Unisim elements were transformed.

INFO: [Common 17-83] Releasing license: Synthesis
15 Infos, 3 Warnings, 0 Critical Warnings and 0 Errors encountered.
synth_design completed successfully
synth_design: Time (s): cpu = 00:00:13 ; elapsed = 00:00:28 . Memory (MB): peak = 1554.648 ; gain = 376.090 ; free physical = 323 ; free virtual = 10674
WARNING: [Constraints 18-5210] No constraint will be written out.
INFO: [Common 17-1381] The checkpoint '/home/gabor7669/Desktop/DoDS1/Design_of_Digital_Systems1_RSA/mod_mult_loop_cont/mod_mult_loop_cont.runs/synth_1/mod_mult.dcp' has been generated.
INFO: [runtcl-4] Executing : report_utilization -file mod_mult_utilization_synth.rpt -pb mod_mult_utilization_synth.pb
report_utilization: Time (s): cpu = 00:00:00.09 ; elapsed = 00:00:00.11 . Memory (MB): peak = 1578.660 ; gain = 0.000 ; free physical = 323 ; free virtual = 10674
INFO: [Common 17-206] Exiting Vivado at Sun Oct 21 19:45:15 2018...
