INFO: [VRFC 10-163] Analyzing VHDL file "/home/gabor7669/Desktop/DoDS project/carry_lookahead_adder/carry_lookahead_adder.srcs/sources_1/new/4bit_CLA.vhd" into library xil_defaultlib
INFO: [VRFC 10-307] analyzing entity four_bit_CLA
INFO: [VRFC 10-163] Analyzing VHDL file "/home/gabor7669/Desktop/DoDS project/carry_lookahead_adder/carry_lookahead_adder.srcs/sources_1/new/CLA.vhd" into library xil_defaultlib
INFO: [VRFC 10-307] analyzing entity CLA
INFO: [VRFC 10-163] Analyzing VHDL file "/home/gabor7669/Desktop/DoDS project/carry_lookahead_adder/carry_lookahead_adder.srcs/sim_1/new/test_CLA.vhd" into library xil_defaultlib
INFO: [VRFC 10-307] analyzing entity CLA_tb
INFO: [VRFC 10-163] Analyzing VHDL file "/home/gabor7669/Desktop/DoDS project/carry_lookahead_adder/carry_lookahead_adder.srcs/sim_1/new/test_CLA.vhd" into library xil_defaultlib
INFO: [VRFC 10-307] analyzing entity CLA_tb
INFO: [VRFC 10-163] Analyzing VHDL file "/home/gabor7669/Desktop/DoDS project/carry_lookahead_adder/carry_lookahead_adder.srcs/sources_1/new/4bit_CLA.vhd" into library xil_defaultlib
INFO: [VRFC 10-307] analyzing entity four_bit_CLA
INFO: [VRFC 10-163] Analyzing VHDL file "/home/gabor7669/Desktop/DoDS project/carry_lookahead_adder/carry_lookahead_adder.srcs/sources_1/new/CLA.vhd" into library xil_defaultlib
INFO: [VRFC 10-307] analyzing entity CLA
INFO: [VRFC 10-163] Analyzing VHDL file "/home/gabor7669/Desktop/DoDS project/carry_lookahead_adder/carry_lookahead_adder.srcs/sim_1/new/test_CLA.vhd" into library xil_defaultlib
INFO: [VRFC 10-307] analyzing entity CLA_tb
INFO: [VRFC 10-163] Analyzing VHDL file "/home/gabor7669/Desktop/DoDS project/carry_lookahead_adder/carry_lookahead_adder.srcs/sources_1/new/4bit_CLA.vhd" into library xil_defaultlib
INFO: [VRFC 10-307] analyzing entity four_bit_CLA
INFO: [VRFC 10-163] Analyzing VHDL file "/home/gabor7669/Desktop/DoDS project/carry_lookahead_adder/carry_lookahead_adder.srcs/sources_1/new/CLA.vhd" into library xil_defaultlib
INFO: [VRFC 10-307] analyzing entity CLA
INFO: [VRFC 10-163] Analyzing VHDL file "/home/gabor7669/Desktop/DoDS project/carry_lookahead_adder/carry_lookahead_adder.srcs/sim_1/new/test_CLA.vhd" into library xil_defaultlib
INFO: [VRFC 10-307] analyzing entity CLA_tb
INFO: [VRFC 10-163] Analyzing VHDL file "/home/gabor7669/Desktop/DoDS project/carry_lookahead_adder/carry_lookahead_adder.srcs/sources_1/new/4bit_CLA.vhd" into library xil_defaultlib
INFO: [VRFC 10-307] analyzing entity four_bit_CLA
INFO: [VRFC 10-163] Analyzing VHDL file "/home/gabor7669/Desktop/DoDS project/carry_lookahead_adder/carry_lookahead_adder.srcs/sources_1/new/CLA.vhd" into library xil_defaultlib
INFO: [VRFC 10-307] analyzing entity CLA
INFO: [VRFC 10-163] Analyzing VHDL file "/home/gabor7669/Desktop/DoDS project/carry_lookahead_adder/carry_lookahead_adder.srcs/sim_1/new/test_CLA.vhd" into library xil_defaultlib
INFO: [VRFC 10-307] analyzing entity CLA_tb
INFO: [VRFC 10-163] Analyzing VHDL file "/home/gabor7669/Desktop/DoDS project/carry_lookahead_adder/carry_lookahead_adder.srcs/sources_1/new/4bit_CLA.vhd" into library xil_defaultlib
INFO: [VRFC 10-307] analyzing entity four_bit_CLA
INFO: [VRFC 10-163] Analyzing VHDL file "/home/gabor7669/Desktop/DoDS project/carry_lookahead_adder/carry_lookahead_adder.srcs/sources_1/new/CLA.vhd" into library xil_defaultlib
INFO: [VRFC 10-307] analyzing entity CLA
INFO: [VRFC 10-163] Analyzing VHDL file "/home/gabor7669/Desktop/DoDS project/carry_lookahead_adder/carry_lookahead_adder.srcs/sim_1/new/test_CLA.vhd" into library xil_defaultlib
INFO: [VRFC 10-307] analyzing entity CLA_tb
INFO: [VRFC 10-163] Analyzing VHDL file "/home/gabor7669/Desktop/DoDS1/Design_of_Digital_Systems1_RSA/carry_lookahead_sub/carry_lookahead_adder.srcs/sources_1/new/4bit_CLA.vhd" into library xil_defaultlib
INFO: [VRFC 10-307] analyzing entity four_bit_CLA
INFO: [VRFC 10-163] Analyzing VHDL file "/home/gabor7669/Desktop/DoDS1/Design_of_Digital_Systems1_RSA/carry_lookahead_sub/carry_lookahead_adder.srcs/sources_1/new/CLA.vhd" into library xil_defaultlib
INFO: [VRFC 10-307] analyzing entity CLA
INFO: [VRFC 10-163] Analyzing VHDL file "/home/gabor7669/Desktop/DoDS1/Design_of_Digital_Systems1_RSA/carry_lookahead_sub/carry_lookahead_adder.srcs/sim_1/new/test_CLA.vhd" into library xil_defaultlib
INFO: [VRFC 10-307] analyzing entity CLA_tb
INFO: [VRFC 10-163] Analyzing VHDL file "/home/gabor7669/Desktop/DoDS1/Design_of_Digital_Systems1_RSA/carry_lookahead_sub/carry_lookahead_adder.srcs/sim_1/new/test_CLA.vhd" into library xil_defaultlib
INFO: [VRFC 10-307] analyzing entity CLA_tb
INFO: [VRFC 10-163] Analyzing VHDL file "/home/gabor7669/Desktop/DoDS1/Design_of_Digital_Systems1_RSA/carry_lookahead_sub/carry_lookahead_adder.srcs/sim_1/new/test_CLA.vhd" into library xil_defaultlib
INFO: [VRFC 10-307] analyzing entity CLA_tb
INFO: [VRFC 10-163] Analyzing VHDL file "/home/gabor7669/Desktop/DoDS1/Design_of_Digital_Systems1_RSA/carry_lookahead_sub/carry_lookahead_adder.srcs/sources_1/new/CLA.vhd" into library xil_defaultlib
INFO: [VRFC 10-307] analyzing entity CLA
INFO: [VRFC 10-163] Analyzing VHDL file "/home/gabor7669/Desktop/DoDS1/Design_of_Digital_Systems1_RSA/carry_lookahead_sub/carry_lookahead_adder.srcs/sim_1/new/test_CLA.vhd" into library xil_defaultlib
INFO: [VRFC 10-307] analyzing entity CLA_tb
INFO: [VRFC 10-163] Analyzing VHDL file "/home/gabor7669/Desktop/DoDS1/Design_of_Digital_Systems1_RSA/carry_lookahead_sub/carry_lookahead_adder.srcs/sim_1/new/test_CLA.vhd" into library xil_defaultlib
INFO: [VRFC 10-307] analyzing entity CLA_tb
INFO: [VRFC 10-163] Analyzing VHDL file "/home/gabor7669/Desktop/DoDS1/Design_of_Digital_Systems1_RSA/carry_lookahead_sub/carry_lookahead_adder.srcs/sources_1/new/CLA.vhd" into library xil_defaultlib
INFO: [VRFC 10-307] analyzing entity CLA
INFO: [VRFC 10-163] Analyzing VHDL file "/home/gabor7669/Desktop/DoDS1/Design_of_Digital_Systems1_RSA/carry_lookahead_sub/carry_lookahead_adder.srcs/sim_1/new/test_CLA.vhd" into library xil_defaultlib
INFO: [VRFC 10-307] analyzing entity CLA_tb
INFO: [VRFC 10-163] Analyzing VHDL file "/home/gabor7669/Desktop/DoDS1/Design_of_Digital_Systems1_RSA/carry_lookahead_sub/carry_lookahead_adder.srcs/sim_1/new/test_CLA.vhd" into library xil_defaultlib
INFO: [VRFC 10-307] analyzing entity CLA_tb
INFO: [VRFC 10-163] Analyzing VHDL file "/home/gabor7669/Desktop/DoDS1/Design_of_Digital_Systems1_RSA/carry_lookahead_sub/carry_lookahead_adder.srcs/sources_1/new/CLA.vhd" into library xil_defaultlib
INFO: [VRFC 10-307] analyzing entity CLA
INFO: [VRFC 10-163] Analyzing VHDL file "/home/gabor7669/Desktop/DoDS1/Design_of_Digital_Systems1_RSA/carry_lookahead_sub/carry_lookahead_adder.srcs/sim_1/new/test_CLA.vhd" into library xil_defaultlib
INFO: [VRFC 10-307] analyzing entity CLA_tb
INFO: [VRFC 10-163] Analyzing VHDL file "/home/gabor7669/Desktop/DoDS1/Design_of_Digital_Systems1_RSA/carry_lookahead_sub/carry_lookahead_adder.srcs/sim_1/new/test_CLA.vhd" into library xil_defaultlib
INFO: [VRFC 10-307] analyzing entity CLA_tb
INFO: [VRFC 10-163] Analyzing VHDL file "/home/gabor7669/Desktop/DoDS1/Design_of_Digital_Systems1_RSA/carry_lookahead_sub/carry_lookahead_adder.srcs/sim_1/new/test_CLA.vhd" into library xil_defaultlib
INFO: [VRFC 10-307] analyzing entity CLA_tb
INFO: [VRFC 10-163] Analyzing VHDL file "/home/gabor7669/Desktop/DoDS1/Design_of_Digital_Systems1_RSA/carry_lookahead_sub/carry_lookahead_adder.srcs/sim_1/new/test_CLA.vhd" into library xil_defaultlib
INFO: [VRFC 10-307] analyzing entity CLA_tb
INFO: [VRFC 10-163] Analyzing VHDL file "/home/gabor7669/Desktop/DoDS1/Design_of_Digital_Systems1_RSA/carry_lookahead_sub/carry_lookahead_adder.srcs/sim_1/new/test_CLA.vhd" into library xil_defaultlib
INFO: [VRFC 10-307] analyzing entity CLA_tb
